#
# A fatal error has been detected by the Java Runtime Environment:
#
#  EXCEPTION_ACCESS_VIOLATION (0xc0000005) at pc=0x00007ffeb4595c7e, pid=13008, tid=7116
#
# JRE version: OpenJDK Runtime Environment Temurin-17.0.10+7 (17.0.10+7) (build 17.0.10+7)
# Java VM: OpenJDK 64-Bit Server VM Temurin-17.0.10+7 (17.0.10+7, mixed mode, tiered, compressed oops, compressed class ptrs, parallel gc, windows-amd64)
# Problematic frame:
# V  [jvm.dll+0x585c7e]
#
# No core dump will be written. Minidumps are not enabled by default on client versions of Windows
#
# If you would like to submit a bug report, please visit:
#   https://github.com/adoptium/adoptium-support/issues
#

---------------  S U M M A R Y ------------

Command Line: --add-modules=ALL-SYSTEM --add-opens=java.base/java.util=ALL-UNNAMED --add-opens=java.base/java.lang=ALL-UNNAMED --add-opens=java.base/sun.nio.fs=ALL-UNNAMED -Declipse.application=org.eclipse.jdt.ls.core.id1 -Dosgi.bundles.defaultStartLevel=4 -Declipse.product=org.eclipse.jdt.ls.core.product -Djava.import.generatesMetadataFilesAtProjectRoot=false -DDetectVMInstallationsJob.disabled=true -Dfile.encoding=utf8 -XX:+UseParallelGC -XX:GCTimeRatio=4 -XX:AdaptiveSizePolicyWeight=90 -Dsun.zip.disableMemoryMapping=true -Xmx1G -Xms100m -Xlog:disable -javaagent:c:\Users\Administrator\.vscode\extensions\redhat.java-1.28.1-win32-x64\lombok\lombok-1.18.31.jar -XX:+HeapDumpOnOutOfMemoryError -XX:HeapDumpPath=c:\Users\Administrator\AppData\Roaming\Code\User\workspaceStorage\e9e5d42b15f962f5457e22cf694befa3\redhat.java -Daether.dependencyCollector.impl=bf c:\Users\Administrator\.vscode\extensions\redhat.java-1.28.1-win32-x64\server\plugins\org.eclipse.equinox.launcher_1.6.700.v20231214-2017.jar -configuration c:\Users\Administrator\AppData\Roaming\Code\User\globalStorage\redhat.java\1.28.1\config_win -data c:\Users\Administrator\AppData\Roaming\Code\User\workspaceStorage\e9e5d42b15f962f5457e22cf694befa3\redhat.java\jdt_ws --stdio

Host: 13th Gen Intel(R) Core(TM) i5-13600KF, 20 cores, 31G,  Windows 11 , 64 bit Build 22621 (10.0.22621.3085)
Time: Fri Mar 15 15:25:58 2024  Windows 11 , 64 bit Build 22621 (10.0.22621.3085) elapsed time: 6.269587 seconds (0d 0h 0m 6s)

---------------  T H R E A D  ---------------

Current thread (0x0000019ffddc9e60):  JavaThread "C2 CompilerThread1" daemon [_thread_in_native, id=7116, stack(0x0000007438000000,0x0000007438100000)]


Current CompileTask:
C2:   6269 7243 %     4       org.eclipse.jdt.internal.core.search.indexing.BinaryIndexer::extractReferenceFromConstantPool @ 15 (351 bytes)

Stack: [0x0000007438000000,0x0000007438100000],  sp=0x00000074380fa470,  free space=1001k
Native frames: (J=compiled Java code, j=interpreted, Vv=VM code, C=native code)
V  [jvm.dll+0x585c7e]
V  [jvm.dll+0x584f88]
V  [jvm.dll+0x2228a2]
V  [jvm.dll+0x222c8f]
V  [jvm.dll+0x21bdb6]
V  [jvm.dll+0x219201]
V  [jvm.dll+0x1a502d]
V  [jvm.dll+0x2290de]
V  [jvm.dll+0x2272ac]
V  [jvm.dll+0x7e9bb7]
V  [jvm.dll+0x7e3fba]
V  [jvm.dll+0x67c1b5]
C  [ucrtbase.dll+0x29363]
C  [KERNEL32.DLL+0x1257d]
C  [ntdll.dll+0x5aa58]


siginfo: EXCEPTION_ACCESS_VIOLATION (0xc0000005), reading address 0x0000000000000e60


Registers:
RAX=0x0000000000000e50, RBX=0x0000019fff17bed0, RCX=0x0000019fff17bed0, RDX=0x0000019fff072ed4
RSP=0x00000074380fa470, RBP=0x000000000000000e, RSI=0x00000074380fa850, RDI=0x00000074380fa540
R8 =0x0000000000004000, R9 =0xfefeff6f6071735e, R10=0xfefefefefefefeff, R11=0x8080808080808080
R12=0x00000074380fa520, R13=0x00000074380fa500, R14=0x0000000000000001, R15=0x0000019fff17be68
RIP=0x00007ffeb4595c7e, EFLAGS=0x0000000000010206


Register to memory mapping:

RIP=0x00007ffeb4595c7e jvm.dll
RAX=0x0000000000000e50 is an unknown value
RBX=0x0000019fff17bed0 points into unknown readable memory: 0x0000000000000e50 | 50 0e 00 00 00 00 00 00
RCX=0x0000019fff17bed0 points into unknown readable memory: 0x0000000000000e50 | 50 0e 00 00 00 00 00 00
RDX=0x0000019fff072ed4 points into unknown readable memory: 01 c0 00 00
RSP=0x00000074380fa470 is pointing into the stack for thread: 0x0000019ffddc9e60
RBP=0x000000000000000e is an unknown value
RSI=0x00000074380fa850 is pointing into the stack for thread: 0x0000019ffddc9e60
RDI=0x00000074380fa540 is pointing into the stack for thread: 0x0000019ffddc9e60
R8 =0x0000000000004000 is an unknown value
R9 =0xfefeff6f6071735e is an unknown value
R10=0xfefefefefefefeff is an unknown value
R11=0x8080808080808080 is an unknown value
R12=0x00000074380fa520 is pointing into the stack for thread: 0x0000019ffddc9e60
R13=0x00000074380fa500 is pointing into the stack for thread: 0x0000019ffddc9e60
R14=0x0000000000000001 is an unknown value
R15=0x0000019fff17be68 points into unknown readable memory: 0x00007ffeb4923770 | 70 37 92 b4 fe 7f 00 00


Top of Stack: (sp=0x00000074380fa470)
0x00000074380fa470:   000000000000000f 00000074380fa850
0x00000074380fa480:   00000074380fa520 0000019f00000001
0x00000074380fa490:   0000000000000000 0000019ffdcb8710
0x00000074380fa4a0:   00000074380fa5d0 0000000000109300
0x00000074380fa4b0:   0000019fe138b1c0 0000000000000001
0x00000074380fa4c0:   0000019ffe8c5c38 00007ffeb4594f88
0x00000074380fa4d0:   00000074380fa850 00000074380fa850
0x00000074380fa4e0:   0000019f00000001 00000074380fa540
0x00000074380fa4f0:   0000019fdf0a0000 0000019fdf0a0000
0x00000074380fa500:   0000019ffdc79fe0 0000000000000400
0x00000074380fa510:   0000019fff073b00 000000000000011a
0x00000074380fa520:   0000000000000400 0000019fff072b00
0x00000074380fa530:   0000000000000400 0000019ffdc79fe0
0x00000074380fa540:   0000019ffe82a910 0000019ffe83e290
0x00000074380fa550:   0000019ffe82a8f0 0000019ffdc79fe0
0x00000074380fa560:   0000019ffdc79fe0 0000000000000004
0x00000074380fa570:   0000019f821ba4c0 0000007400000000
0x00000074380fa580:   0000019f00000003 0000000000000005
0x00000074380fa590:   0000019f80b6a410 0000019ffd0116a0
0x00000074380fa5a0:   0000019f81b74f70 0000000000000000
0x00000074380fa5b0:   00000000000003ff 00007ffeb4806b3b
0x00000074380fa5c0:   0000000000000000 00007ffeb480702f
0x00000074380fa5d0:   00000074380fb920 00000074380fb920
0x00000074380fa5e0:   00000074380fb920 00007ffeb42b4163
0x00000074380fa5f0:   0000019f81ba3670 00000000f20007f5
0x00000074380fa600:   0000000000000000 0000000000000000
0x00000074380fa610:   0000000000000000 00000074380fb920
0x00000074380fa620:   0000000000109310 0000019f80797000
0x00000074380fa630:   00000074380fa700 000000000000000d
0x00000074380fa640:   0000000000040000 00007fff39aa1b06
0x00000074380fa650:   0000000000000000 0000000000040010
0x00000074380fa660:   0000000000000000 0000019ffd010000 

Instructions: (pc=0x00007ffeb4595c7e)
0x00007ffeb4595b7e:   f1 85 c0 0f 84 48 02 00 00 48 89 5c 24 68 48 89
0x00007ffeb4595b8e:   6c 24 30 4c 89 74 24 28 4c 89 7c 24 20 0f 1f 44
0x00007ffeb4595b9e:   00 00 ff c8 41 89 45 18 8b c8 49 8b 45 10 4c 8b
0x00007ffeb4595bae:   3c c8 41 8b 6f 28 8b dd c1 eb 05 41 3b 1c 24 72
0x00007ffeb4595bbe:   0a 8b d3 49 8b cc e8 d7 84 29 00 49 8b 44 24 08
0x00007ffeb4595bce:   83 e5 1f 48 8d 14 98 40 0f b6 cd 41 b8 01 00 00
0x00007ffeb4595bde:   00 41 d3 e0 8b 0a 8b c1 41 0b c0 89 02 41 85 c8
0x00007ffeb4595bee:   0f 85 bb 01 00 00 41 8b 4f 20 45 33 f6 89 4c 24
0x00007ffeb4595bfe:   70 90 44 3b f1 0f 83 5c 01 00 00 49 8b 5f 10 41
0x00007ffeb4595c0e:   8b c6 41 ff c6 48 8b 1c c3 8b 43 28 3b 46 28 73
0x00007ffeb4595c1e:   0d 8b c8 48 8b 46 30 48 83 3c c8 00 75 42 48 83
0x00007ffeb4595c2e:   7b 10 00 74 3b 8b ae d0 09 00 00 8d 45 01 89 86
0x00007ffeb4595c3e:   d0 09 00 00 3b ae c0 09 00 00 72 0e 8b d5 48 8d
0x00007ffeb4595c4e:   8e b8 09 00 00 e8 68 4e 0d 00 48 8b 86 c8 09 00
0x00007ffeb4595c5e:   00 48 8b 74 24 60 8b 4c 24 70 48 89 1c e8 eb 92
0x00007ffeb4595c6e:   48 8b 43 08 48 83 38 00 74 72 48 8b 03 48 8b cb
0x00007ffeb4595c7e:   ff 50 10 84 c0 75 0a 8b 43 2c 83 e0 0f 3c 0c 75
0x00007ffeb4595c8e:   5b 8b 4b 28 8b c1 c1 e8 05 41 3b 04 24 73 1c 83
0x00007ffeb4595c9e:   e1 1f 8b d1 8b c8 49 8b 44 24 08 8b 0c 88 0f a3
0x00007ffeb4595cae:   d1 8b 4c 24 70 0f 82 47 ff ff ff 41 8b 75 18 8d
0x00007ffeb4595cbe:   46 01 41 89 45 18 41 3b 75 08 72 0a 8b d6 49 8b
0x00007ffeb4595cce:   cd e8 ec 4d 0d 00 49 8b 45 10 8b 4c 24 70 48 89
0x00007ffeb4595cde:   1c f0 48 8b 74 24 60 e9 16 ff ff ff 8b 6b 28 8b
0x00007ffeb4595cee:   f5 c1 ee 05 41 3b 34 24 72 0a 8b d6 49 8b cc e8
0x00007ffeb4595cfe:   9e 83 29 00 49 8b 44 24 08 83 e5 1f 48 8d 14 b0
0x00007ffeb4595d0e:   40 0f b6 cd 48 8b 74 24 60 41 b8 01 00 00 00 41
0x00007ffeb4595d1e:   d3 e0 8b 0a 41 8b c0 0b c1 44 85 c1 89 02 8b 4c
0x00007ffeb4595d2e:   24 70 0f 85 ca fe ff ff 48 83 07 10 48 8b 07 48
0x00007ffeb4595d3e:   3b 47 08 72 0b 48 8b cf e8 05 4e 0d 00 48 8b 07
0x00007ffeb4595d4e:   48 8b 74 24 60 4c 89 38 4c 8b fb 44 89 70 08 8b
0x00007ffeb4595d5e:   4b 20 e9 93 fe ff ff 41 b0 01 49 8b d7 48 8b ce
0x00007ffeb4595d6e:   e8 6d 00 00 00 48 8b 4e 10 48 8b 81 70 01 00 00 


Stack slot to memory mapping:
stack at sp + 0 slots: 0x000000000000000f is an unknown value
stack at sp + 1 slots: 0x00000074380fa850 is pointing into the stack for thread: 0x0000019ffddc9e60
stack at sp + 2 slots: 0x00000074380fa520 is pointing into the stack for thread: 0x0000019ffddc9e60
stack at sp + 3 slots: 0x0000019f00000001 is an unknown value
stack at sp + 4 slots: 0x0 is NULL
stack at sp + 5 slots: 0x0000019ffdcb8710 points into unknown readable memory: 0x8000000a00000001 | 01 00 00 00 0a 00 00 80
stack at sp + 6 slots: 0x00000074380fa5d0 is pointing into the stack for thread: 0x0000019ffddc9e60
stack at sp + 7 slots: 0x0000000000109300 is an unknown value


---------------  P R O C E S S  ---------------

Threads class SMR info:
_java_thread_list=0x0000019f82f22120, length=63, elements={
0x0000019fe137ca10, 0x0000019ff5204010, 0x0000019ff5205280, 0x0000019ff520b460,
0x0000019ff520bf30, 0x0000019ff520d1a0, 0x0000019ff520e410, 0x0000019ffa395fe0,
0x0000019ffa399840, 0x0000019ffa3a30c0, 0x0000019ffa3bf4b0, 0x0000019ffa515020,
0x0000019ffa516dc0, 0x0000019ffcac89b0, 0x0000019ffd346260, 0x0000019ffc9feaa0,
0x0000019ffd3e1a80, 0x0000019ffd9853d0, 0x0000019ffd7b3490, 0x0000019ffda202e0,
0x0000019ffa40d3d0, 0x0000019ffa40c9b0, 0x0000019ffa40b570, 0x0000019ffddc9e60,
0x0000019ffde444b0, 0x0000019ffdd9f690, 0x0000019ffa40bf90, 0x0000019ffa40a640,
0x0000019ffa40ba80, 0x0000019ffa40cec0, 0x0000019ffa40ab50, 0x0000019f8095dab0,
0x0000019ffa40b060, 0x0000019ffa40c4a0, 0x0000019ffeaa29e0, 0x0000019ffeaa8500,
0x0000019ffeaa5260, 0x0000019ffeaa6bb0, 0x0000019ffeaa70c0, 0x0000019ffeaa4330,
0x0000019ffeaa2ef0, 0x0000019ffeaa1fc0, 0x0000019ffeaa7ae0, 0x0000019ffeaa3400,
0x0000019ffeaa3910, 0x0000019ffeaa3e20, 0x0000019ffeaa4840, 0x0000019ffeaa4d50,
0x0000019ffeaa5c80, 0x0000019ffeaa7ff0, 0x0000019ffeaa5770, 0x0000019ffeaa15a0,
0x0000019ffeaa75d0, 0x0000019ffeaa6190, 0x0000019ffeaa24d0, 0x0000019ffeaa66a0,
0x0000019ffeaa8a10, 0x0000019ffeaa1ab0, 0x0000019f8054a670, 0x0000019f8083f650,
0x0000019f808400f0, 0x0000019f80840b90, 0x0000019f80841630
}

Java Threads: ( => current thread )
  0x0000019fe137ca10 JavaThread "main" [_thread_blocked, id=10132, stack(0x0000007435b00000,0x0000007435c00000)]
  0x0000019ff5204010 JavaThread "Reference Handler" daemon [_thread_blocked, id=8216, stack(0x0000007435e00000,0x0000007435f00000)]
  0x0000019ff5205280 JavaThread "Finalizer" daemon [_thread_blocked, id=12096, stack(0x0000007435f00000,0x0000007436000000)]
  0x0000019ff520b460 JavaThread "Signal Dispatcher" daemon [_thread_blocked, id=14684, stack(0x0000007436000000,0x0000007436100000)]
  0x0000019ff520bf30 JavaThread "Attach Listener" daemon [_thread_blocked, id=15084, stack(0x0000007436100000,0x0000007436200000)]
  0x0000019ff520d1a0 JavaThread "Service Thread" daemon [_thread_blocked, id=11768, stack(0x0000007436200000,0x0000007436300000)]
  0x0000019ff520e410 JavaThread "Monitor Deflation Thread" daemon [_thread_blocked, id=4684, stack(0x0000007436300000,0x0000007436400000)]
  0x0000019ffa395fe0 JavaThread "C2 CompilerThread0" daemon [_thread_in_native, id=17252, stack(0x0000007436400000,0x0000007436500000)]
  0x0000019ffa399840 JavaThread "C1 CompilerThread0" daemon [_thread_blocked, id=10612, stack(0x0000007436500000,0x0000007436600000)]
  0x0000019ffa3a30c0 JavaThread "Sweeper thread" daemon [_thread_blocked, id=13208, stack(0x0000007436600000,0x0000007436700000)]
  0x0000019ffa3bf4b0 JavaThread "Common-Cleaner" daemon [_thread_blocked, id=5676, stack(0x0000007436700000,0x0000007436800000)]
  0x0000019ffa515020 JavaThread "C1 CompilerThread1" daemon [_thread_blocked, id=12360, stack(0x0000007436800000,0x0000007436900000)]
  0x0000019ffa516dc0 JavaThread "C1 CompilerThread2" daemon [_thread_blocked, id=11596, stack(0x0000007436900000,0x0000007436a00000)]
  0x0000019ffcac89b0 JavaThread "Notification Thread" daemon [_thread_blocked, id=3928, stack(0x0000007436d00000,0x0000007436e00000)]
  0x0000019ffd346260 JavaThread "Active Thread: Equinox Container: dc849ffc-3975-4ec7-9137-b44b1e6502c5" [_thread_blocked, id=4156, stack(0x0000007437400000,0x0000007437500000)]
  0x0000019ffc9feaa0 JavaThread "Framework Event Dispatcher: Equinox Container: dc849ffc-3975-4ec7-9137-b44b1e6502c5" daemon [_thread_blocked, id=12304, stack(0x0000007436a00000,0x0000007436b00000)]
  0x0000019ffd3e1a80 JavaThread "Start Level: Equinox Container: dc849ffc-3975-4ec7-9137-b44b1e6502c5" daemon [_thread_blocked, id=14292, stack(0x0000007436b00000,0x0000007436c00000)]
  0x0000019ffd9853d0 JavaThread "Bundle File Closer" daemon [_thread_blocked, id=11428, stack(0x0000007437a00000,0x0000007437b00000)]
  0x0000019ffd7b3490 JavaThread "SCR Component Actor" daemon [_thread_blocked, id=17152, stack(0x0000007437800000,0x0000007437900000)]
  0x0000019ffda202e0 JavaThread "SCR Component Registry" daemon [_thread_blocked, id=14508, stack(0x0000007437900000,0x0000007437a00000)]
  0x0000019ffa40d3d0 JavaThread "Worker-JM" [_thread_blocked, id=16772, stack(0x0000007437b00000,0x0000007437c00000)]
  0x0000019ffa40c9b0 JavaThread "Worker-0" [_thread_blocked, id=872, stack(0x0000007437e00000,0x0000007437f00000)]
  0x0000019ffa40b570 JavaThread "Worker-1: Java indexing... " [_thread_blocked, id=13660, stack(0x0000007437f00000,0x0000007438000000)]
=>0x0000019ffddc9e60 JavaThread "C2 CompilerThread1" daemon [_thread_in_native, id=7116, stack(0x0000007438000000,0x0000007438100000)]
  0x0000019ffde444b0 JavaThread "C2 CompilerThread2" daemon [_thread_in_native, id=5184, stack(0x0000007438200000,0x0000007438300000)]
  0x0000019ffdd9f690 JavaThread "C1 CompilerThread3" daemon [_thread_blocked, id=13268, stack(0x0000007438300000,0x0000007438400000)]
  0x0000019ffa40bf90 JavaThread "Java indexing" daemon [_thread_in_Java, id=3692, stack(0x0000007438600000,0x0000007438700000)]
  0x0000019ffa40a640 JavaThread "JNA Cleaner" daemon [_thread_blocked, id=16720, stack(0x0000007438700000,0x0000007438800000)]
  0x0000019ffa40ba80 JavaThread "pool-2-thread-1" [_thread_blocked, id=10460, stack(0x0000007438a00000,0x0000007438b00000)]
  0x0000019ffa40cec0 JavaThread "WorkspaceEventsHandler" [_thread_blocked, id=5292, stack(0x0000007438b00000,0x0000007438c00000)]
  0x0000019ffa40ab50 JavaThread "pool-1-thread-1" [_thread_in_native, id=14636, stack(0x0000007438c00000,0x0000007438d00000)]
  0x0000019f8095dab0 JavaThread "C2 CompilerThread3" daemon [_thread_in_native, id=7852, stack(0x0000007438d00000,0x0000007438e00000)]
  0x0000019ffa40b060 JavaThread "Worker-2" [_thread_blocked, id=16776, stack(0x0000007439200000,0x0000007439300000)]
  0x0000019ffa40c4a0 JavaThread "Worker-3" [_thread_blocked, id=14964, stack(0x0000007439300000,0x0000007439400000)]
  0x0000019ffeaa29e0 JavaThread "Refresh Thread: Equinox Container: dc849ffc-3975-4ec7-9137-b44b1e6502c5" daemon [_thread_blocked, id=16344, stack(0x0000007439400000,0x0000007439500000)]
  0x0000019ffeaa8500 JavaThread "Equinox resolver thread - Equinox Container: dc849ffc-3975-4ec7-9137-b44b1e6502c5" daemon [_thread_blocked, id=1884, stack(0x0000007439500000,0x0000007439600000)]
  0x0000019ffeaa5260 JavaThread "Equinox resolver thread - Equinox Container: dc849ffc-3975-4ec7-9137-b44b1e6502c5" daemon [_thread_blocked, id=13288, stack(0x0000007439600000,0x0000007439700000)]
  0x0000019ffeaa6bb0 JavaThread "Equinox resolver thread - Equinox Container: dc849ffc-3975-4ec7-9137-b44b1e6502c5" daemon [_thread_blocked, id=16920, stack(0x0000007439700000,0x0000007439800000)]
  0x0000019ffeaa70c0 JavaThread "Equinox resolver thread - Equinox Container: dc849ffc-3975-4ec7-9137-b44b1e6502c5" daemon [_thread_blocked, id=4236, stack(0x0000007439800000,0x0000007439900000)]
  0x0000019ffeaa4330 JavaThread "Equinox resolver thread - Equinox Container: dc849ffc-3975-4ec7-9137-b44b1e6502c5" daemon [_thread_blocked, id=7020, stack(0x0000007439900000,0x0000007439a00000)]
  0x0000019ffeaa2ef0 JavaThread "Equinox resolver thread - Equinox Container: dc849ffc-3975-4ec7-9137-b44b1e6502c5" daemon [_thread_blocked, id=12312, stack(0x0000007439a00000,0x0000007439b00000)]
  0x0000019ffeaa1fc0 JavaThread "Equinox resolver thread - Equinox Container: dc849ffc-3975-4ec7-9137-b44b1e6502c5" daemon [_thread_blocked, id=6484, stack(0x0000007439b00000,0x0000007439c00000)]
  0x0000019ffeaa7ae0 JavaThread "Equinox resolver thread - Equinox Container: dc849ffc-3975-4ec7-9137-b44b1e6502c5" daemon [_thread_blocked, id=13240, stack(0x0000007439c00000,0x0000007439d00000)]
  0x0000019ffeaa3400 JavaThread "Equinox resolver thread - Equinox Container: dc849ffc-3975-4ec7-9137-b44b1e6502c5" daemon [_thread_blocked, id=6164, stack(0x0000007439d00000,0x0000007439e00000)]
  0x0000019ffeaa3910 JavaThread "Equinox resolver thread - Equinox Container: dc849ffc-3975-4ec7-9137-b44b1e6502c5" daemon [_thread_blocked, id=5936, stack(0x0000007439e00000,0x0000007439f00000)]
  0x0000019ffeaa3e20 JavaThread "Equinox resolver thread - Equinox Container: dc849ffc-3975-4ec7-9137-b44b1e6502c5" daemon [_thread_blocked, id=11568, stack(0x0000007439f00000,0x000000743a000000)]
  0x0000019ffeaa4840 JavaThread "Equinox resolver thread - Equinox Container: dc849ffc-3975-4ec7-9137-b44b1e6502c5" daemon [_thread_blocked, id=15108, stack(0x000000743a000000,0x000000743a100000)]
  0x0000019ffeaa4d50 JavaThread "Equinox resolver thread - Equinox Container: dc849ffc-3975-4ec7-9137-b44b1e6502c5" daemon [_thread_blocked, id=6740, stack(0x000000743a100000,0x000000743a200000)]
  0x0000019ffeaa5c80 JavaThread "Equinox resolver thread - Equinox Container: dc849ffc-3975-4ec7-9137-b44b1e6502c5" daemon [_thread_blocked, id=14600, stack(0x000000743a200000,0x000000743a300000)]
  0x0000019ffeaa7ff0 JavaThread "Equinox resolver thread - Equinox Container: dc849ffc-3975-4ec7-9137-b44b1e6502c5" daemon [_thread_blocked, id=1588, stack(0x000000743a300000,0x000000743a400000)]
  0x0000019ffeaa5770 JavaThread "Equinox resolver thread - Equinox Container: dc849ffc-3975-4ec7-9137-b44b1e6502c5" daemon [_thread_blocked, id=13224, stack(0x000000743a400000,0x000000743a500000)]
  0x0000019ffeaa15a0 JavaThread "Equinox resolver thread - Equinox Container: dc849ffc-3975-4ec7-9137-b44b1e6502c5" daemon [_thread_blocked, id=1452, stack(0x000000743a500000,0x000000743a600000)]
  0x0000019ffeaa75d0 JavaThread "Equinox resolver thread - Equinox Container: dc849ffc-3975-4ec7-9137-b44b1e6502c5" daemon [_thread_blocked, id=460, stack(0x000000743a600000,0x000000743a700000)]
  0x0000019ffeaa6190 JavaThread "Equinox resolver thread - Equinox Container: dc849ffc-3975-4ec7-9137-b44b1e6502c5" daemon [_thread_blocked, id=6744, stack(0x000000743a700000,0x000000743a800000)]
  0x0000019ffeaa24d0 JavaThread "Equinox resolver thread - Equinox Container: dc849ffc-3975-4ec7-9137-b44b1e6502c5" daemon [_thread_blocked, id=14748, stack(0x000000743a800000,0x000000743a900000)]
  0x0000019ffeaa66a0 JavaThread "ForkJoinPool.commonPool-worker-1" daemon [_thread_blocked, id=4572, stack(0x000000743a900000,0x000000743aa00000)]
  0x0000019ffeaa8a10 JavaThread "ForkJoinPool.commonPool-worker-2" daemon [_thread_blocked, id=14596, stack(0x000000743aa00000,0x000000743ab00000)]
  0x0000019ffeaa1ab0 JavaThread "ForkJoinPool.commonPool-worker-3" daemon [_thread_blocked, id=7832, stack(0x000000743ab00000,0x000000743ac00000)]
  0x0000019f8054a670 JavaThread "ForkJoinPool.commonPool-worker-4" daemon [_thread_blocked, id=14116, stack(0x000000743ac00000,0x000000743ad00000)]
  0x0000019f8083f650 JavaThread "C2 CompilerThread4" daemon [_thread_in_native, id=11504, stack(0x0000007438e00000,0x0000007438f00000)]
  0x0000019f808400f0 JavaThread "C2 CompilerThread5" daemon [_thread_in_native, id=15772, stack(0x0000007438f00000,0x0000007439000000)]
  0x0000019f80840b90 JavaThread "C2 CompilerThread6" daemon [_thread_in_vm, id=7692, stack(0x0000007439000000,0x0000007439100000)]
  0x0000019f80841630 JavaThread "C2 CompilerThread7" daemon [_thread_in_native, id=6184, stack(0x0000007439100000,0x0000007439200000)]

Other Threads:
  0x0000019fe1428910 VMThread "VM Thread" [stack: 0x0000007435d00000,0x0000007435e00000] [id=6492]
  0x0000019ffca16bf0 WatcherThread [stack: 0x0000007436e00000,0x0000007436f00000] [id=5628]
  0x0000019fe138b3f0 GCTaskThread "GC Thread#0" [stack: 0x0000007435c00000,0x0000007435d00000] [id=5164]
  0x0000019ffd262e60 GCTaskThread "GC Thread#1" [stack: 0x0000007436f00000,0x0000007437000000] [id=7356]
  0x0000019ffd1cbdc0 GCTaskThread "GC Thread#2" [stack: 0x0000007437000000,0x0000007437100000] [id=10368]
  0x0000019ffd1cc080 GCTaskThread "GC Thread#3" [stack: 0x0000007437100000,0x0000007437200000] [id=17132]
  0x0000019ffd1cc340 GCTaskThread "GC Thread#4" [stack: 0x0000007437200000,0x0000007437300000] [id=8060]
  0x0000019ffd1cc600 GCTaskThread "GC Thread#5" [stack: 0x0000007437300000,0x0000007437400000] [id=15224]
  0x0000019fdf19c520 GCTaskThread "GC Thread#6" [stack: 0x0000007436c00000,0x0000007436d00000] [id=2904]
  0x0000019ffd4f0730 GCTaskThread "GC Thread#7" [stack: 0x0000007437500000,0x0000007437600000] [id=14072]
  0x0000019ffd7b0240 GCTaskThread "GC Thread#8" [stack: 0x0000007437600000,0x0000007437700000] [id=8300]
  0x0000019ffd7b3b50 GCTaskThread "GC Thread#9" [stack: 0x0000007437700000,0x0000007437800000] [id=6972]
  0x0000019ffdbbd660 GCTaskThread "GC Thread#10" [stack: 0x0000007437c00000,0x0000007437d00000] [id=13620]
  0x0000019ffdc56460 GCTaskThread "GC Thread#11" [stack: 0x0000007437d00000,0x0000007437e00000] [id=11236]
  0x0000019ffdb5dc40 GCTaskThread "GC Thread#12" [stack: 0x0000007438100000,0x0000007438200000] [id=16320]
  0x0000019ffde3b590 GCTaskThread "GC Thread#13" [stack: 0x0000007438400000,0x0000007438500000] [id=17292]
  0x0000019ffde3b2d0 GCTaskThread "GC Thread#14" [stack: 0x0000007438500000,0x0000007438600000] [id=14392]

Threads with active compile tasks:
C2 CompilerThread0     6296 7325   !   4       sun.nio.fs.WindowsPath::initOffsets (153 bytes)
C2 CompilerThread1     6297 7243 %     4       org.eclipse.jdt.internal.core.search.indexing.BinaryIndexer::extractReferenceFromConstantPool @ 15 (351 bytes)
C2 CompilerThread2     6297 7302       4       org.eclipse.jdt.internal.core.search.indexing.AbstractIndexer::addIndexMetaQualification (44 bytes)
C2 CompilerThread3     6297 7309   !   4       org.eclipse.jdt.internal.compiler.classfmt.ClassFileReader::<init> (2113 bytes)
C2 CompilerThread4     6297 7317       4       org.eclipse.jdt.internal.core.search.indexing.AbstractIndexer::addMethodDeclaration (98 bytes)
C2 CompilerThread5     6297 7256       4       org.eclipse.jdt.internal.compiler.classfmt.MethodInfo::getSelector (46 bytes)
C2 CompilerThread6     6297 7267       4       org.eclipse.jdt.internal.core.search.matching.MethodPattern::createIndexKey (33 bytes)
C2 CompilerThread7     6297 7308  s    4       org.eclipse.jdt.internal.compiler.classfmt.MethodInfo::readCodeAttribute (117 bytes)

VM state: not at safepoint (normal execution)

VM Mutex/Monitor currently owned by a thread: None

Heap address: 0x00000000c0000000, size: 1024 MB, Compressed Oops mode: 32-bit

CDS archive(s) not mapped
Compressed class space mapped at: 0x0000000100000000-0x0000000140000000, reserved size: 1073741824
Narrow klass base: 0x0000000000000000, Narrow klass shift: 3, Narrow klass range: 0x140000000

GC Precious Log:
 CPUs: 20 total, 20 available
 Memory: 32607M
 Large Page Support: Disabled
 NUMA Support: Disabled
 Compressed Oops: Enabled (32-bit)
 Alignments: Space 512K, Generation 512K, Heap 2M
 Heap Min Capacity: 100M
 Heap Initial Capacity: 100M
 Heap Max Capacity: 1G
 Pre-touch: Disabled
 Parallel Workers: 15

Heap:
 PSYoungGen      total 20992K, used 5327K [0x00000000eab00000, 0x00000000ec380000, 0x0000000100000000)
  eden space 16896K, 9% used [0x00000000eab00000,0x00000000eac838a8,0x00000000ebb80000)
  from space 4096K, 92% used [0x00000000ebc00000,0x00000000ebfb06d8,0x00000000ec000000)
  to   space 3584K, 0% used [0x00000000ec000000,0x00000000ec000000,0x00000000ec380000)
 ParOldGen       total 68608K, used 48831K [0x00000000c0000000, 0x00000000c4300000, 0x00000000eab00000)
  object space 68608K, 71% used [0x00000000c0000000,0x00000000c2fafcd0,0x00000000c4300000)
 Metaspace       used 56661K, committed 57664K, reserved 1114112K
  class space    used 6080K, committed 6528K, reserved 1048576K

Card table byte_map: [0x0000019fe0d10000,0x0000019fe0f20000] _byte_map_base: 0x0000019fe0710000

Marking Bits: (ParMarkBitMap*) 0x00007ffeb4bad7d0
 Begin Bits: [0x0000019ff3010000, 0x0000019ff4010000)
 End Bits:   [0x0000019ff4010000, 0x0000019ff5010000)

Polling page: 0x0000019fdf2a0000

Metaspace:

Usage:
  Non-class:     49.40 MB used.
      Class:      5.94 MB used.
       Both:     55.33 MB used.

Virtual space:
  Non-class space:       64.00 MB reserved,      49.94 MB ( 78%) committed,  1 nodes.
      Class space:        1.00 GB reserved,       6.38 MB ( <1%) committed,  1 nodes.
             Both:        1.06 GB reserved,      56.31 MB (  5%) committed. 

Chunk freelists:
   Non-Class:  13.39 MB
       Class:  9.59 MB
        Both:  22.98 MB

MaxMetaspaceSize: unlimited
CompressedClassSpaceSize: 1.00 GB
Initial GC threshold: 21.00 MB
Current GC threshold: 58.38 MB
CDS: off
MetaspaceReclaimPolicy: balanced
 - commit_granule_bytes: 65536.
 - commit_granule_words: 8192.
 - virtual_space_node_default_size: 8388608.
 - enlarge_chunks_in_place: 1.
 - new_chunks_are_fully_committed: 0.
 - uncommit_free_chunks: 1.
 - use_allocation_guard: 0.
 - handle_deallocations: 1.


Internal statistics:

num_allocs_failed_limit: 6.
num_arena_births: 526.
num_arena_deaths: 14.
num_vsnodes_births: 2.
num_vsnodes_deaths: 0.
num_space_committed: 901.
num_space_uncommitted: 0.
num_chunks_returned_to_freelist: 20.
num_chunks_taken_from_freelist: 2554.
num_chunk_merges: 11.
num_chunk_splits: 1686.
num_chunks_enlarged: 1143.
num_inconsistent_stats: 0.

CodeHeap 'non-profiled nmethods': size=119168Kb used=4472Kb max_used=4472Kb free=114695Kb
 bounds [0x0000019febbb0000, 0x0000019fec010000, 0x0000019ff3010000]
CodeHeap 'profiled nmethods': size=119104Kb used=13779Kb max_used=13779Kb free=105324Kb
 bounds [0x0000019fe4010000, 0x0000019fe4d90000, 0x0000019feb460000]
CodeHeap 'non-nmethods': size=7488Kb used=3020Kb max_used=3060Kb free=4467Kb
 bounds [0x0000019feb460000, 0x0000019feb7d0000, 0x0000019febbb0000]
 total_blobs=7170 nmethods=6526 adapters=553
 compilation: enabled
              stopped_count=0, restarted_count=0
 full_count=0

Compilation events (20 events):
Event: 6.239 Thread 0x0000019ffa515020 7300       3       java.lang.CharacterDataLatin1::isDigit (18 bytes)
Event: 6.239 Thread 0x0000019ffa515020 nmethod 7300 0x0000019fe4d83590 code [0x0000019fe4d83720, 0x0000019fe4d838b8]
Event: 6.240 Thread 0x0000019ffde444b0 nmethod 7200 0x0000019febfdab90 code [0x0000019febfdaf00, 0x0000019febfdf1a0]
Event: 6.241 Thread 0x0000019ffde444b0 7302       4       org.eclipse.jdt.internal.core.search.indexing.AbstractIndexer::addIndexMetaQualification (44 bytes)
Event: 6.241 Thread 0x0000019f80841630 7303       4       org.eclipse.jdt.core.compiler.CharOperation::contains (24 bytes)
Event: 6.243 Thread 0x0000019f80841630 nmethod 7303 0x0000019febfe1390 code [0x0000019febfe1500, 0x0000019febfe1638]
Event: 6.243 Thread 0x0000019f80841630 7304       4       org.eclipse.jdt.core.Signature::appendClassTypeSignature (323 bytes)
Event: 6.251 Thread 0x0000019f8083f650 nmethod 7293 0x0000019febfe1710 code [0x0000019febfe19a0, 0x0000019febfe3e90]
Event: 6.252 Thread 0x0000019f8083f650 7306       4       org.eclipse.jdt.internal.compiler.classfmt.MethodInfo::createMethod (713 bytes)
Event: 6.252 Thread 0x0000019f80840b90 nmethod 7292 0x0000019febfe5490 code [0x0000019febfe5680, 0x0000019febfe64f8]
Event: 6.252 Thread 0x0000019f80840b90 7301       4       org.eclipse.jdt.internal.core.search.indexing.BinaryIndexer::decodeReturnType (407 bytes)
Event: 6.253 Thread 0x0000019f8095dab0 nmethod 7249% 0x0000019febfe6d90 code [0x0000019febfe7320, 0x0000019febfed378]
Event: 6.254 Thread 0x0000019f8095dab0 7298       4       org.eclipse.jdt.internal.core.search.indexing.BinaryIndexer::replace (39 bytes)
Event: 6.257 Thread 0x0000019f8095dab0 nmethod 7298 0x0000019febff0290 code [0x0000019febff0400, 0x0000019febff05d8]
Event: 6.257 Thread 0x0000019f8095dab0 7309   !   4       org.eclipse.jdt.internal.compiler.classfmt.ClassFileReader::<init> (2113 bytes)
Event: 6.259 Thread 0x0000019f80841630 nmethod 7304 0x0000019febff0710 code [0x0000019febff0900, 0x0000019febff1db8]
Event: 6.259 Thread 0x0000019f80841630 7312  s    4       org.eclipse.jdt.internal.compiler.classfmt.MethodInfo::readExceptionAttributes (215 bytes)
Event: 6.263 Thread 0x0000019ffa395fe0 nmethod 7284 0x0000019febff2b10 code [0x0000019febff2de0, 0x0000019febff5bf0]
Event: 6.263 Thread 0x0000019ffa395fe0 7311       4       org.eclipse.jdt.internal.core.search.indexing.BinaryIndexer::decodeParameterTypes (596 bytes)
Event: 6.265 Thread 0x0000019f808400f0 nmethod 7262 0x0000019febff7310 code [0x0000019febff7620, 0x0000019febffa5d0]

GC Heap History (20 events):
Event: 5.505 GC heap before
{Heap before GC invocations=23 (full 2):
 PSYoungGen      total 21504K, used 21472K [0x00000000eab00000, 0x00000000ec800000, 0x0000000100000000)
  eden space 19456K, 100% used [0x00000000eab00000,0x00000000ebe00000,0x00000000ebe00000)
  from space 2048K, 98% used [0x00000000ec200000,0x00000000ec3f8010,0x00000000ec400000)
  to   space 4096K, 0% used [0x00000000ebe00000,0x00000000ebe00000,0x00000000ec200000)
 ParOldGen       total 68608K, used 26544K [0x00000000c0000000, 0x00000000c4300000, 0x00000000eab00000)
  object space 68608K, 38% used [0x00000000c0000000,0x00000000c19ec140,0x00000000c4300000)
 Metaspace       used 52072K, committed 52992K, reserved 1114112K
  class space    used 5626K, committed 6080K, reserved 1048576K
}
Event: 5.506 GC heap after
{Heap after GC invocations=23 (full 2):
 PSYoungGen      total 21504K, used 2016K [0x00000000eab00000, 0x00000000ec400000, 0x0000000100000000)
  eden space 19456K, 0% used [0x00000000eab00000,0x00000000eab00000,0x00000000ebe00000)
  from space 2048K, 98% used [0x00000000ebe00000,0x00000000ebff8000,0x00000000ec000000)
  to   space 3072K, 0% used [0x00000000ec100000,0x00000000ec100000,0x00000000ec400000)
 ParOldGen       total 68608K, used 28440K [0x00000000c0000000, 0x00000000c4300000, 0x00000000eab00000)
  object space 68608K, 41% used [0x00000000c0000000,0x00000000c1bc6150,0x00000000c4300000)
 Metaspace       used 52072K, committed 52992K, reserved 1114112K
  class space    used 5626K, committed 6080K, reserved 1048576K
}
Event: 5.517 GC heap before
{Heap before GC invocations=24 (full 2):
 PSYoungGen      total 21504K, used 21472K [0x00000000eab00000, 0x00000000ec400000, 0x0000000100000000)
  eden space 19456K, 100% used [0x00000000eab00000,0x00000000ebe00000,0x00000000ebe00000)
  from space 2048K, 98% used [0x00000000ebe00000,0x00000000ebff8000,0x00000000ec000000)
  to   space 3072K, 0% used [0x00000000ec100000,0x00000000ec100000,0x00000000ec400000)
 ParOldGen       total 68608K, used 28440K [0x00000000c0000000, 0x00000000c4300000, 0x00000000eab00000)
  object space 68608K, 41% used [0x00000000c0000000,0x00000000c1bc6150,0x00000000c4300000)
 Metaspace       used 52072K, committed 52992K, reserved 1114112K
  class space    used 5626K, committed 6080K, reserved 1048576K
}
Event: 5.518 GC heap after
{Heap after GC invocations=24 (full 2):
 PSYoungGen      total 22016K, used 2208K [0x00000000eab00000, 0x00000000ec380000, 0x0000000100000000)
  eden space 19456K, 0% used [0x00000000eab00000,0x00000000eab00000,0x00000000ebe00000)
  from space 2560K, 86% used [0x00000000ec100000,0x00000000ec328010,0x00000000ec380000)
  to   space 2560K, 0% used [0x00000000ebe80000,0x00000000ebe80000,0x00000000ec100000)
 ParOldGen       total 68608K, used 30232K [0x00000000c0000000, 0x00000000c4300000, 0x00000000eab00000)
  object space 68608K, 44% used [0x00000000c0000000,0x00000000c1d86150,0x00000000c4300000)
 Metaspace       used 52072K, committed 52992K, reserved 1114112K
  class space    used 5626K, committed 6080K, reserved 1048576K
}
Event: 5.528 GC heap before
{Heap before GC invocations=25 (full 2):
 PSYoungGen      total 22016K, used 21664K [0x00000000eab00000, 0x00000000ec380000, 0x0000000100000000)
  eden space 19456K, 100% used [0x00000000eab00000,0x00000000ebe00000,0x00000000ebe00000)
  from space 2560K, 86% used [0x00000000ec100000,0x00000000ec328010,0x00000000ec380000)
  to   space 2560K, 0% used [0x00000000ebe80000,0x00000000ebe80000,0x00000000ec100000)
 ParOldGen       total 68608K, used 30232K [0x00000000c0000000, 0x00000000c4300000, 0x00000000eab00000)
  object space 68608K, 44% used [0x00000000c0000000,0x00000000c1d86150,0x00000000c4300000)
 Metaspace       used 52072K, committed 52992K, reserved 1114112K
  class space    used 5626K, committed 6080K, reserved 1048576K
}
Event: 5.529 GC heap after
{Heap after GC invocations=25 (full 2):
 PSYoungGen      total 21504K, used 1824K [0x00000000eab00000, 0x00000000ec200000, 0x0000000100000000)
  eden space 19456K, 0% used [0x00000000eab00000,0x00000000eab00000,0x00000000ebe00000)
  from space 2048K, 89% used [0x00000000ebe80000,0x00000000ec048000,0x00000000ec080000)
  to   space 1536K, 0% used [0x00000000ec080000,0x00000000ec080000,0x00000000ec200000)
 ParOldGen       total 68608K, used 32240K [0x00000000c0000000, 0x00000000c4300000, 0x00000000eab00000)
  object space 68608K, 46% used [0x00000000c0000000,0x00000000c1f7c160,0x00000000c4300000)
 Metaspace       used 52072K, committed 52992K, reserved 1114112K
  class space    used 5626K, committed 6080K, reserved 1048576K
}
Event: 5.635 GC heap before
{Heap before GC invocations=26 (full 2):
 PSYoungGen      total 21504K, used 21280K [0x00000000eab00000, 0x00000000ec200000, 0x0000000100000000)
  eden space 19456K, 100% used [0x00000000eab00000,0x00000000ebe00000,0x00000000ebe00000)
  from space 2048K, 89% used [0x00000000ebe80000,0x00000000ec048000,0x00000000ec080000)
  to   space 1536K, 0% used [0x00000000ec080000,0x00000000ec080000,0x00000000ec200000)
 ParOldGen       total 68608K, used 32240K [0x00000000c0000000, 0x00000000c4300000, 0x00000000eab00000)
  object space 68608K, 46% used [0x00000000c0000000,0x00000000c1f7c160,0x00000000c4300000)
 Metaspace       used 53250K, committed 54208K, reserved 1114112K
  class space    used 5750K, committed 6208K, reserved 1048576K
}
Event: 5.636 GC heap after
{Heap after GC invocations=26 (full 2):
 PSYoungGen      total 18432K, used 1527K [0x00000000eab00000, 0x00000000ec800000, 0x0000000100000000)
  eden space 16896K, 0% used [0x00000000eab00000,0x00000000eab00000,0x00000000ebb80000)
  from space 1536K, 99% used [0x00000000ec080000,0x00000000ec1fdfc8,0x00000000ec200000)
  to   space 5120K, 0% used [0x00000000ebb80000,0x00000000ebb80000,0x00000000ec080000)
 ParOldGen       total 68608K, used 35176K [0x00000000c0000000, 0x00000000c4300000, 0x00000000eab00000)
  object space 68608K, 51% used [0x00000000c0000000,0x00000000c225a248,0x00000000c4300000)
 Metaspace       used 53250K, committed 54208K, reserved 1114112K
  class space    used 5750K, committed 6208K, reserved 1048576K
}
Event: 5.663 GC heap before
{Heap before GC invocations=27 (full 2):
 PSYoungGen      total 18432K, used 18423K [0x00000000eab00000, 0x00000000ec800000, 0x0000000100000000)
  eden space 16896K, 100% used [0x00000000eab00000,0x00000000ebb80000,0x00000000ebb80000)
  from space 1536K, 99% used [0x00000000ec080000,0x00000000ec1fdfc8,0x00000000ec200000)
  to   space 5120K, 0% used [0x00000000ebb80000,0x00000000ebb80000,0x00000000ec080000)
 ParOldGen       total 68608K, used 35176K [0x00000000c0000000, 0x00000000c4300000, 0x00000000eab00000)
  object space 68608K, 51% used [0x00000000c0000000,0x00000000c225a248,0x00000000c4300000)
 Metaspace       used 53477K, committed 54464K, reserved 1114112K
  class space    used 5777K, committed 6208K, reserved 1048576K
}
Event: 5.664 GC heap after
{Heap after GC invocations=27 (full 2):
 PSYoungGen      total 18432K, used 1280K [0x00000000eab00000, 0x00000000ec100000, 0x0000000100000000)
  eden space 16896K, 0% used [0x00000000eab00000,0x00000000eab00000,0x00000000ebb80000)
  from space 1536K, 83% used [0x00000000ebb80000,0x00000000ebcc0000,0x00000000ebd00000)
  to   space 2560K, 0% used [0x00000000ebe80000,0x00000000ebe80000,0x00000000ec100000)
 ParOldGen       total 68608K, used 36746K [0x00000000c0000000, 0x00000000c4300000, 0x00000000eab00000)
  object space 68608K, 53% used [0x00000000c0000000,0x00000000c23e2938,0x00000000c4300000)
 Metaspace       used 53477K, committed 54464K, reserved 1114112K
  class space    used 5777K, committed 6208K, reserved 1048576K
}
Event: 5.691 GC heap before
{Heap before GC invocations=28 (full 2):
 PSYoungGen      total 18432K, used 18176K [0x00000000eab00000, 0x00000000ec100000, 0x0000000100000000)
  eden space 16896K, 100% used [0x00000000eab00000,0x00000000ebb80000,0x00000000ebb80000)
  from space 1536K, 83% used [0x00000000ebb80000,0x00000000ebcc0000,0x00000000ebd00000)
  to   space 2560K, 0% used [0x00000000ebe80000,0x00000000ebe80000,0x00000000ec100000)
 ParOldGen       total 68608K, used 36746K [0x00000000c0000000, 0x00000000c4300000, 0x00000000eab00000)
  object space 68608K, 53% used [0x00000000c0000000,0x00000000c23e2938,0x00000000c4300000)
 Metaspace       used 53744K, committed 54720K, reserved 1114112K
  class space    used 5803K, committed 6208K, reserved 1048576K
}
Event: 5.692 GC heap after
{Heap after GC invocations=28 (full 2):
 PSYoungGen      total 19456K, used 2176K [0x00000000eab00000, 0x00000000ec100000, 0x0000000100000000)
  eden space 16896K, 0% used [0x00000000eab00000,0x00000000eab00000,0x00000000ebb80000)
  from space 2560K, 85% used [0x00000000ebe80000,0x00000000ec0a0000,0x00000000ec100000)
  to   space 2560K, 0% used [0x00000000ebc00000,0x00000000ebc00000,0x00000000ebe80000)
 ParOldGen       total 68608K, used 37822K [0x00000000c0000000, 0x00000000c4300000, 0x00000000eab00000)
  object space 68608K, 55% used [0x00000000c0000000,0x00000000c24ef948,0x00000000c4300000)
 Metaspace       used 53744K, committed 54720K, reserved 1114112K
  class space    used 5803K, committed 6208K, reserved 1048576K
}
Event: 5.727 GC heap before
{Heap before GC invocations=29 (full 2):
 PSYoungGen      total 19456K, used 19072K [0x00000000eab00000, 0x00000000ec100000, 0x0000000100000000)
  eden space 16896K, 100% used [0x00000000eab00000,0x00000000ebb80000,0x00000000ebb80000)
  from space 2560K, 85% used [0x00000000ebe80000,0x00000000ec0a0000,0x00000000ec100000)
  to   space 2560K, 0% used [0x00000000ebc00000,0x00000000ebc00000,0x00000000ebe80000)
 ParOldGen       total 68608K, used 37822K [0x00000000c0000000, 0x00000000c4300000, 0x00000000eab00000)
  object space 68608K, 55% used [0x00000000c0000000,0x00000000c24ef948,0x00000000c4300000)
 Metaspace       used 54355K, committed 55360K, reserved 1114112K
  class space    used 5841K, committed 6272K, reserved 1048576K
}
Event: 5.728 GC heap after
{Heap after GC invocations=29 (full 2):
 PSYoungGen      total 17920K, used 672K [0x00000000eab00000, 0x00000000ebf00000, 0x0000000100000000)
  eden space 16896K, 0% used [0x00000000eab00000,0x00000000eab00000,0x00000000ebb80000)
  from space 1024K, 65% used [0x00000000ebc00000,0x00000000ebca8000,0x00000000ebd00000)
  to   space 1536K, 0% used [0x00000000ebd80000,0x00000000ebd80000,0x00000000ebf00000)
 ParOldGen       total 68608K, used 39847K [0x00000000c0000000, 0x00000000c4300000, 0x00000000eab00000)
  object space 68608K, 58% used [0x00000000c0000000,0x00000000c26e9db8,0x00000000c4300000)
 Metaspace       used 54355K, committed 55360K, reserved 1114112K
  class space    used 5841K, committed 6272K, reserved 1048576K
}
Event: 6.131 GC heap before
{Heap before GC invocations=30 (full 2):
 PSYoungGen      total 17920K, used 17568K [0x00000000eab00000, 0x00000000ebf00000, 0x0000000100000000)
  eden space 16896K, 100% used [0x00000000eab00000,0x00000000ebb80000,0x00000000ebb80000)
  from space 1024K, 65% used [0x00000000ebc00000,0x00000000ebca8000,0x00000000ebd00000)
  to   space 1536K, 0% used [0x00000000ebd80000,0x00000000ebd80000,0x00000000ebf00000)
 ParOldGen       total 68608K, used 39847K [0x00000000c0000000, 0x00000000c4300000, 0x00000000eab00000)
  object space 68608K, 58% used [0x00000000c0000000,0x00000000c26e9db8,0x00000000c4300000)
 Metaspace       used 56452K, committed 57472K, reserved 1114112K
  class space    used 6068K, committed 6528K, reserved 1048576K
}
Event: 6.131 GC heap after
{Heap after GC invocations=30 (full 2):
 PSYoungGen      total 18432K, used 1460K [0x00000000eab00000, 0x00000000ebf80000, 0x0000000100000000)
  eden space 16896K, 0% used [0x00000000eab00000,0x00000000eab00000,0x00000000ebb80000)
  from space 1536K, 95% used [0x00000000ebd80000,0x00000000ebeed028,0x00000000ebf00000)
  to   space 2048K, 0% used [0x00000000ebb80000,0x00000000ebb80000,0x00000000ebd80000)
 ParOldGen       total 68608K, used 40250K [0x00000000c0000000, 0x00000000c4300000, 0x00000000eab00000)
  object space 68608K, 58% used [0x00000000c0000000,0x00000000c274ea98,0x00000000c4300000)
 Metaspace       used 56452K, committed 57472K, reserved 1114112K
  class space    used 6068K, committed 6528K, reserved 1048576K
}
Event: 6.204 GC heap before
{Heap before GC invocations=31 (full 2):
 PSYoungGen      total 18432K, used 18356K [0x00000000eab00000, 0x00000000ebf80000, 0x0000000100000000)
  eden space 16896K, 99% used [0x00000000eab00000,0x00000000ebb7fff8,0x00000000ebb80000)
  from space 1536K, 95% used [0x00000000ebd80000,0x00000000ebeed028,0x00000000ebf00000)
  to   space 2048K, 0% used [0x00000000ebb80000,0x00000000ebb80000,0x00000000ebd80000)
 ParOldGen       total 68608K, used 40250K [0x00000000c0000000, 0x00000000c4300000, 0x00000000eab00000)
  object space 68608K, 58% used [0x00000000c0000000,0x00000000c274ea98,0x00000000c4300000)
 Metaspace       used 56634K, committed 57664K, reserved 1114112K
  class space    used 6080K, committed 6528K, reserved 1048576K
}
Event: 6.205 GC heap after
{Heap after GC invocations=31 (full 2):
 PSYoungGen      total 18944K, used 2038K [0x00000000eab00000, 0x00000000ec680000, 0x0000000100000000)
  eden space 16896K, 0% used [0x00000000eab00000,0x00000000eab00000,0x00000000ebb80000)
  from space 2048K, 99% used [0x00000000ebb80000,0x00000000ebd7db18,0x00000000ebd80000)
  to   space 5632K, 0% used [0x00000000ec100000,0x00000000ec100000,0x00000000ec680000)
 ParOldGen       total 68608K, used 43102K [0x00000000c0000000, 0x00000000c4300000, 0x00000000eab00000)
  object space 68608K, 62% used [0x00000000c0000000,0x00000000c2a17b48,0x00000000c4300000)
 Metaspace       used 56634K, committed 57664K, reserved 1114112K
  class space    used 6080K, committed 6528K, reserved 1048576K
}
Event: 6.249 GC heap before
{Heap before GC invocations=32 (full 2):
 PSYoungGen      total 18944K, used 18934K [0x00000000eab00000, 0x00000000ec680000, 0x0000000100000000)
  eden space 16896K, 100% used [0x00000000eab00000,0x00000000ebb80000,0x00000000ebb80000)
  from space 2048K, 99% used [0x00000000ebb80000,0x00000000ebd7db18,0x00000000ebd80000)
  to   space 5632K, 0% used [0x00000000ec100000,0x00000000ec100000,0x00000000ec680000)
 ParOldGen       total 68608K, used 43102K [0x00000000c0000000, 0x00000000c4300000, 0x00000000eab00000)
  object space 68608K, 62% used [0x00000000c0000000,0x00000000c2a17b48,0x00000000c4300000)
 Metaspace       used 56659K, committed 57664K, reserved 1114112K
  class space    used 6080K, committed 6528K, reserved 1048576K
}
Event: 6.251 GC heap after
{Heap after GC invocations=32 (full 2):
 PSYoungGen      total 20992K, used 3990K [0x00000000eab00000, 0x00000000ec500000, 0x0000000100000000)
  eden space 16896K, 0% used [0x00000000eab00000,0x00000000eab00000,0x00000000ebb80000)
  from space 4096K, 97% used [0x00000000ec100000,0x00000000ec4e59b8,0x00000000ec500000)
  to   space 4608K, 0% used [0x00000000ebc00000,0x00000000ebc00000,0x00000000ec080000)
 ParOldGen       total 68608K, used 45023K [0x00000000c0000000, 0x00000000c4300000, 0x00000000eab00000)
  object space 68608K, 65% used [0x00000000c0000000,0x00000000c2bf7ff0,0x00000000c4300000)
 Metaspace       used 56659K, committed 57664K, reserved 1114112K
  class space    used 6080K, committed 6528K, reserved 1048576K
}

Dll operation events (12 events):
Event: 0.003 Loaded shared library c:\Users\Administrator\.vscode\extensions\redhat.java-1.28.1-win32-x64\jre\17.0.10-win32-x86_64\bin\java.dll
Event: 0.051 Loaded shared library c:\Users\Administrator\.vscode\extensions\redhat.java-1.28.1-win32-x64\jre\17.0.10-win32-x86_64\bin\zip.dll
Event: 0.054 Loaded shared library C:\Users\Administrator\.vscode\extensions\redhat.java-1.28.1-win32-x64\jre\17.0.10-win32-x86_64\bin\instrument.dll
Event: 0.058 Loaded shared library C:\Users\Administrator\.vscode\extensions\redhat.java-1.28.1-win32-x64\jre\17.0.10-win32-x86_64\bin\net.dll
Event: 0.059 Loaded shared library C:\Users\Administrator\.vscode\extensions\redhat.java-1.28.1-win32-x64\jre\17.0.10-win32-x86_64\bin\nio.dll
Event: 0.061 Loaded shared library C:\Users\Administrator\.vscode\extensions\redhat.java-1.28.1-win32-x64\jre\17.0.10-win32-x86_64\bin\zip.dll
Event: 0.066 Loaded shared library C:\Users\Administrator\.vscode\extensions\redhat.java-1.28.1-win32-x64\jre\17.0.10-win32-x86_64\bin\jimage.dll
Event: 0.084 Loaded shared library c:\Users\Administrator\.vscode\extensions\redhat.java-1.28.1-win32-x64\jre\17.0.10-win32-x86_64\bin\verify.dll
Event: 1.548 Loaded shared library C:\Users\Administrator\AppData\Roaming\Code\User\globalStorage\redhat.java\1.28.1\config_win\org.eclipse.equinox.launcher\org.eclipse.equinox.launcher.win32.win32.x86_64_1.2.900.v20240129-1338\eclipse_11900.dll
Event: 4.128 Loaded shared library C:\Users\Administrator\.vscode\extensions\redhat.java-1.28.1-win32-x64\jre\17.0.10-win32-x86_64\bin\management.dll
Event: 4.128 Loaded shared library C:\Users\Administrator\.vscode\extensions\redhat.java-1.28.1-win32-x64\jre\17.0.10-win32-x86_64\bin\management_ext.dll
Event: 4.526 Loaded shared library C:\Users\Administrator\AppData\Local\Temp\jna-146731693\jna13332097136829430633.dll

Deoptimization events (20 events):
Event: 6.236 Thread 0x0000019ffa40bf90 DEOPT PACKING pc=0x0000019fe4cc3f13 sp=0x00000074386fe650
Event: 6.236 Thread 0x0000019ffa40bf90 DEOPT UNPACKING pc=0x0000019feb4b6e43 sp=0x00000074386fdaf0 mode 0
Event: 6.238 Thread 0x0000019ffa40bf90 DEOPT PACKING pc=0x0000019fe4cc3f13 sp=0x00000074386fe4d0
Event: 6.238 Thread 0x0000019ffa40bf90 DEOPT UNPACKING pc=0x0000019feb4b6e43 sp=0x00000074386fd970 mode 0
Event: 6.238 Thread 0x0000019ffa40bf90 DEOPT PACKING pc=0x0000019fe4222513 sp=0x00000074386fe340
Event: 6.238 Thread 0x0000019ffa40bf90 DEOPT UNPACKING pc=0x0000019feb4b6e43 sp=0x00000074386fd878 mode 0
Event: 6.238 Thread 0x0000019ffa40bf90 DEOPT PACKING pc=0x0000019fe4cc3f13 sp=0x00000074386fe540
Event: 6.238 Thread 0x0000019ffa40bf90 DEOPT UNPACKING pc=0x0000019feb4b6e43 sp=0x00000074386fd9e0 mode 0
Event: 6.240 Thread 0x0000019ffa40bf90 Uncommon trap: trap_request=0xffffff6e fr.pc=0x0000019febfdeaf8 relative=0x0000000000003bf8
Event: 6.240 Thread 0x0000019ffa40bf90 Uncommon trap: reason=loop_limit_check action=maybe_recompile pc=0x0000019febfdeaf8 method=org.eclipse.jdt.internal.compiler.util.HashtableOfObject.rehash()V @ 56 c2
Event: 6.240 Thread 0x0000019ffa40bf90 DEOPT PACKING pc=0x0000019febfdeaf8 sp=0x00000074386fe600
Event: 6.240 Thread 0x0000019ffa40bf90 DEOPT UNPACKING pc=0x0000019feb4b66a3 sp=0x00000074386fe2f8 mode 2
Event: 6.240 Thread 0x0000019ffa40bf90 DEOPT PACKING pc=0x0000019fe4cc096d sp=0x00000074386fe640
Event: 6.240 Thread 0x0000019ffa40bf90 DEOPT UNPACKING pc=0x0000019feb4b6e43 sp=0x00000074386fdad8 mode 0
Event: 6.242 Thread 0x0000019ffa40bf90 DEOPT PACKING pc=0x0000019fe4cc096d sp=0x00000074386fe540
Event: 6.242 Thread 0x0000019ffa40bf90 DEOPT UNPACKING pc=0x0000019feb4b6e43 sp=0x00000074386fd9d8 mode 0
Event: 6.255 Thread 0x0000019ffa40bf90 DEOPT PACKING pc=0x0000019fe4c4453d sp=0x00000074386fe710
Event: 6.255 Thread 0x0000019ffa40bf90 DEOPT UNPACKING pc=0x0000019feb4b6e43 sp=0x00000074386fdc38 mode 0
Event: 6.261 Thread 0x0000019ffa40bf90 DEOPT PACKING pc=0x0000019fe4c4453d sp=0x00000074386fe710
Event: 6.261 Thread 0x0000019ffa40bf90 DEOPT UNPACKING pc=0x0000019feb4b6e43 sp=0x00000074386fdc38 mode 0

Classes unloaded (7 events):
Event: 4.111 Thread 0x0000019fe1428910 Unloading class 0x0000000100248400 'java/lang/invoke/LambdaForm$MH+0x0000000100248400'
Event: 4.111 Thread 0x0000019fe1428910 Unloading class 0x0000000100248000 'java/lang/invoke/LambdaForm$MH+0x0000000100248000'
Event: 4.111 Thread 0x0000019fe1428910 Unloading class 0x0000000100247c00 'java/lang/invoke/LambdaForm$MH+0x0000000100247c00'
Event: 4.111 Thread 0x0000019fe1428910 Unloading class 0x0000000100247800 'java/lang/invoke/LambdaForm$MH+0x0000000100247800'
Event: 4.111 Thread 0x0000019fe1428910 Unloading class 0x0000000100247400 'java/lang/invoke/LambdaForm$BMH+0x0000000100247400'
Event: 4.111 Thread 0x0000019fe1428910 Unloading class 0x0000000100247000 'java/lang/invoke/LambdaForm$DMH+0x0000000100247000'
Event: 4.111 Thread 0x0000019fe1428910 Unloading class 0x0000000100244400 'java/lang/invoke/LambdaForm$DMH+0x0000000100244400'

Classes redefined (0 events):
No events

Internal exceptions (20 events):
Event: 5.613 Thread 0x0000019ffa40ab50 Implicit null exception at 0x0000019febf21a13 to 0x0000019febf22c1c
Event: 5.613 Thread 0x0000019ffa40ab50 Exception <a 'sun/nio/fs/WindowsException'{0x00000000eb77b1f8}> (0x00000000eb77b1f8) 
thrown [s\src\hotspot\share\prims\jni.cpp, line 516]
Event: 5.618 Thread 0x0000019ffa40b570 Exception <a 'java/lang/NoSuchMethodError'{0x00000000eb800a28}: 'java.lang.Object java.lang.invoke.DirectMethodHandle$Holder.newInvokeSpecial(java.lang.Object, java.lang.Object, java.lang.Object, java.lang.Object, java.lang.Object, java.lang.Object, java.lang.Object, java.lang.Object)'> (0x00000000eb800a28) 
thrown [s\src\hotspot\share\interpreter\linkResolver.cpp, line 759]
Event: 5.618 Thread 0x0000019ffa40b570 Exception <a 'java/lang/NoSuchMethodError'{0x00000000eb80af20}: 'java.lang.Object java.lang.invoke.DirectMethodHandle$Holder.invokeSpecial(java.lang.Object, java.lang.Object, java.lang.Object, java.lang.Object, java.lang.Object, java.lang.Object, java.lang.Object, java.lang.Object, java.lang.Object)'> (0x00000000eb80af20) 
thrown [s\src\hotspot\share\interpreter\linkResolver.cpp, line 759]
Event: 5.619 Thread 0x0000019ffa40b570 Exception <a 'java/lang/NoSuchMethodError'{0x00000000eb80fb48}: 'java.lang.Object java.lang.invoke.Invokers$Holder.linkToTargetMethod(java.lang.Object, java.lang.Object, java.lang.Object, java.lang.Object, java.lang.Object, java.lang.Object, java.lang.Object, java.lang.Object)'> (0x00000000eb80fb48) 
thrown [s\src\hotspot\share\interpreter\linkResolver.cpp, line 759]
Event: 5.620 Thread 0x0000019ffa40ab50 Exception <a 'sun/nio/fs/WindowsException'{0x00000000eb834c50}> (0x00000000eb834c50) 
thrown [s\src\hotspot\share\prims\jni.cpp, line 516]
Event: 5.626 Thread 0x0000019ffa40ab50 Exception <a 'java/lang/NoSuchMethodError'{0x00000000eb8cde20}: 'java.lang.Object java.lang.invoke.DirectMethodHandle$Holder.invokeStatic(java.lang.Object, java.lang.Object, int, java.lang.Object)'> (0x00000000eb8cde20) 
thrown [s\src\hotspot\share\interpreter\linkResolver.cpp, line 759]
Event: 5.627 Thread 0x0000019ffa40ab50 Exception <a 'java/lang/NoSuchMethodError'{0x00000000eb90d600}: 'java.lang.Object java.lang.invoke.DirectMethodHandle$Holder.newInvokeSpecial(java.lang.Object, java.lang.Object, int)'> (0x00000000eb90d600) 
thrown [s\src\hotspot\share\interpreter\linkResolver.cpp, line 759]
Event: 5.667 Thread 0x0000019ffa40c4a0 Exception <a 'java/lang/NoSuchMethodError'{0x00000000eace2eb8}: 'int java.lang.invoke.DirectMethodHandle$Holder.invokeStatic(java.lang.Object)'> (0x00000000eace2eb8) 
thrown [s\src\hotspot\share\interpreter\linkResolver.cpp, line 759]
Event: 5.675 Thread 0x0000019ffa40c4a0 Exception <a 'java/io/FileNotFoundException'{0x00000000eb693ff0}> (0x00000000eb693ff0) 
thrown [s\src\hotspot\share\prims\jni.cpp, line 516]
Event: 5.675 Thread 0x0000019ffa40c4a0 Exception <a 'java/io/FileNotFoundException'{0x00000000eb695468}> (0x00000000eb695468) 
thrown [s\src\hotspot\share\prims\jni.cpp, line 516]
Event: 5.675 Thread 0x0000019ffa40c4a0 Exception <a 'java/io/FileNotFoundException'{0x00000000eb6c01f0}> (0x00000000eb6c01f0) 
thrown [s\src\hotspot\share\prims\jni.cpp, line 516]
Event: 5.675 Thread 0x0000019ffa40c4a0 Exception <a 'java/io/FileNotFoundException'{0x00000000eb6c1d48}> (0x00000000eb6c1d48) 
thrown [s\src\hotspot\share\prims\jni.cpp, line 516]
Event: 5.675 Thread 0x0000019ffa40c4a0 Exception <a 'java/io/FileNotFoundException'{0x00000000eb6c31f8}> (0x00000000eb6c31f8) 
thrown [s\src\hotspot\share\prims\jni.cpp, line 516]
Event: 5.701 Thread 0x0000019ffa40c4a0 Exception <a 'java/lang/NoSuchMethodError'{0x00000000eb592598}: 'java.lang.Object java.lang.invoke.DirectMethodHandle$Holder.invokeVirtual(java.lang.Object, java.lang.Object, java.lang.Object)'> (0x00000000eb592598) 
thrown [s\src\hotspot\share\interpreter\linkResolver.cpp, line 759]
Event: 5.777 Thread 0x0000019ffa40c4a0 Exception <a 'java/lang/NoSuchMethodError'{0x00000000eb582c30}: 'java.lang.Object java.lang.invoke.DirectMethodHandle$Holder.newInvokeSpecial(java.lang.Object, java.lang.Object, java.lang.Object, int)'> (0x00000000eb582c30) 
thrown [s\src\hotspot\share\interpreter\linkResolver.cpp, line 759]
Event: 5.777 Thread 0x0000019ffa40c4a0 Exception <a 'java/lang/NoSuchMethodError'{0x00000000eb586d38}: 'java.lang.Object java.lang.invoke.DirectMethodHandle$Holder.invokeSpecial(java.lang.Object, java.lang.Object, java.lang.Object, java.lang.Object, int)'> (0x00000000eb586d38) 
thrown [s\src\hotspot\share\interpreter\linkResolver.cpp, line 759]
Event: 5.777 Thread 0x0000019ffa40c4a0 Exception <a 'java/lang/NoSuchMethodError'{0x00000000eb58a440}: 'java.lang.Object java.lang.invoke.Invokers$Holder.linkToTargetMethod(java.lang.Object, java.lang.Object, int, java.lang.Object)'> (0x00000000eb58a440) 
thrown [s\src\hotspot\share\interpreter\linkResolver.cpp, line 759]
Event: 5.780 Thread 0x0000019ffeaa66a0 Exception <a 'java/lang/NoSuchMethodError'{0x00000000eb608690}: 'java.lang.Object java.lang.invoke.DirectMethodHandle$Holder.newInvokeSpecial(java.lang.Object, java.lang.Object, java.lang.Object, java.lang.Object, java.lang.Object, java.lang.Object)'> (0x00000000eb608690) 
thrown [s\src\hotspot\share\interpreter\linkResolver.cpp, line 759]
Event: 6.207 Thread 0x0000019ffa40bf90 Implicit null exception at 0x0000019febfb1aac to 0x0000019febfb1b9c

VM Operations (20 events):
Event: 5.663 Executing VM operation: ParallelGCFailedAllocation
Event: 5.664 Executing VM operation: ParallelGCFailedAllocation done
Event: 5.668 Executing VM operation: HandshakeAllThreads
Event: 5.668 Executing VM operation: HandshakeAllThreads done
Event: 5.690 Executing VM operation: ParallelGCFailedAllocation
Event: 5.692 Executing VM operation: ParallelGCFailedAllocation done
Event: 5.727 Executing VM operation: ParallelGCFailedAllocation
Event: 5.728 Executing VM operation: ParallelGCFailedAllocation done
Event: 5.774 Executing VM operation: HandshakeAllThreads
Event: 5.774 Executing VM operation: HandshakeAllThreads done
Event: 5.774 Executing VM operation: HandshakeAllThreads
Event: 5.774 Executing VM operation: HandshakeAllThreads done
Event: 6.131 Executing VM operation: ParallelGCFailedAllocation
Event: 6.131 Executing VM operation: ParallelGCFailedAllocation done
Event: 6.179 Executing VM operation: HandshakeAllThreads
Event: 6.179 Executing VM operation: HandshakeAllThreads done
Event: 6.204 Executing VM operation: ParallelGCFailedAllocation
Event: 6.205 Executing VM operation: ParallelGCFailedAllocation done
Event: 6.249 Executing VM operation: ParallelGCFailedAllocation
Event: 6.251 Executing VM operation: ParallelGCFailedAllocation done

Events (20 events):
Event: 5.652 Thread 0x0000019ffeaa1ab0 Thread added: 0x0000019ffeaa1ab0
Event: 5.653 Thread 0x0000019f8054a670 Thread added: 0x0000019f8054a670
Event: 5.777 Thread 0x0000019ffa3a30c0 flushing nmethod 0x0000019fe496c310
Event: 5.777 Thread 0x0000019ffa3a30c0 flushing nmethod 0x0000019fe4a00390
Event: 6.086 Thread 0x0000019f80380ed0 Thread exited: 0x0000019f80380ed0
Event: 6.086 Thread 0x0000019ffeed5f20 Thread exited: 0x0000019ffeed5f20
Event: 6.092 loading class java/lang/invoke/BoundMethodHandle$Species_LLLLLLLLLL
Event: 6.092 loading class java/lang/invoke/BoundMethodHandle$Species_LLLLLLLLLL done
Event: 6.092 loading class java/lang/invoke/BoundMethodHandle$Species_LLLLLLLLLLL
Event: 6.092 loading class java/lang/invoke/BoundMethodHandle$Species_LLLLLLLLLLL done
Event: 6.092 Thread 0x0000019ffe8e4dc0 Thread exited: 0x0000019ffe8e4dc0
Event: 6.092 Thread 0x0000019ffee7a780 Thread exited: 0x0000019ffee7a780
Event: 6.092 loading class java/lang/invoke/BoundMethodHandle$Species_LLLLLLLLLLLL
Event: 6.092 loading class java/lang/invoke/BoundMethodHandle$Species_LLLLLLLLLLLL done
Event: 6.093 loading class java/lang/invoke/BoundMethodHandle$Species_LLLLLLLLLLLLL
Event: 6.093 loading class java/lang/invoke/BoundMethodHandle$Species_LLLLLLLLLLLLL done
Event: 6.187 Thread 0x0000019f8083f650 Thread added: 0x0000019f8083f650
Event: 6.211 Thread 0x0000019f808400f0 Thread added: 0x0000019f808400f0
Event: 6.235 Thread 0x0000019f80840b90 Thread added: 0x0000019f80840b90
Event: 6.241 Thread 0x0000019f80841630 Thread added: 0x0000019f80841630


Dynamic libraries:
0x00007ff76f9c0000 - 0x00007ff76f9ce000 	c:\Users\Administrator\.vscode\extensions\redhat.java-1.28.1-win32-x64\jre\17.0.10-win32-x86_64\bin\java.exe
0x00007fff3bf30000 - 0x00007fff3c147000 	C:\Windows\SYSTEM32\ntdll.dll
0x00007fff3aa10000 - 0x00007fff3aad4000 	C:\Windows\System32\KERNEL32.DLL
0x00007fff393c0000 - 0x00007fff39766000 	C:\Windows\System32\KERNELBASE.dll
0x00007fff39a90000 - 0x00007fff39ba1000 	C:\Windows\System32\ucrtbase.dll
0x00007fff21570000 - 0x00007fff21587000 	c:\Users\Administrator\.vscode\extensions\redhat.java-1.28.1-win32-x64\jre\17.0.10-win32-x86_64\bin\jli.dll
0x00007fff21550000 - 0x00007fff2156b000 	c:\Users\Administrator\.vscode\extensions\redhat.java-1.28.1-win32-x64\jre\17.0.10-win32-x86_64\bin\VCRUNTIME140.dll
0x00007fff3bd10000 - 0x00007fff3bebe000 	C:\Windows\System32\USER32.dll
0x00007fff39270000 - 0x00007fff39296000 	C:\Windows\System32\win32u.dll
0x00007fff3a4c0000 - 0x00007fff3a4e9000 	C:\Windows\System32\GDI32.dll
0x00007fff22710000 - 0x00007fff229a3000 	C:\Windows\WinSxS\amd64_microsoft.windows.common-controls_6595b64144ccf1df_6.0.22621.2506_none_270c5ae97388e100\COMCTL32.dll
0x00007fff392a0000 - 0x00007fff393b8000 	C:\Windows\System32\gdi32full.dll
0x00007fff39ed0000 - 0x00007fff39f77000 	C:\Windows\System32\msvcrt.dll
0x00007fff39bb0000 - 0x00007fff39c4a000 	C:\Windows\System32\msvcp_win.dll
0x00007fff3bad0000 - 0x00007fff3bb01000 	C:\Windows\System32\IMM32.DLL
0x00007fff21c20000 - 0x00007fff21c2c000 	c:\Users\Administrator\.vscode\extensions\redhat.java-1.28.1-win32-x64\jre\17.0.10-win32-x86_64\bin\vcruntime140_1.dll
0x00007fff1a200000 - 0x00007fff1a28d000 	c:\Users\Administrator\.vscode\extensions\redhat.java-1.28.1-win32-x64\jre\17.0.10-win32-x86_64\bin\msvcp140.dll
0x00007ffeb4010000 - 0x00007ffeb4c72000 	c:\Users\Administrator\.vscode\extensions\redhat.java-1.28.1-win32-x64\jre\17.0.10-win32-x86_64\bin\server\jvm.dll
0x00007fff3b550000 - 0x00007fff3b603000 	C:\Windows\System32\ADVAPI32.dll
0x00007fff39f90000 - 0x00007fff3a038000 	C:\Windows\System32\sechost.dll
0x00007fff39c50000 - 0x00007fff39c78000 	C:\Windows\System32\bcrypt.dll
0x00007fff3a4f0000 - 0x00007fff3a607000 	C:\Windows\System32\RPCRT4.dll
0x00007fff21540000 - 0x00007fff21549000 	C:\Windows\SYSTEM32\WSOCK32.dll
0x00007fff38c10000 - 0x00007fff38c5d000 	C:\Windows\SYSTEM32\POWRPROF.dll
0x00007fff30750000 - 0x00007fff30784000 	C:\Windows\SYSTEM32\WINMM.dll
0x00007fff39c80000 - 0x00007fff39cf1000 	C:\Windows\System32\WS2_32.dll
0x00007fff324b0000 - 0x00007fff324ba000 	C:\Windows\SYSTEM32\VERSION.dll
0x00007fff38b20000 - 0x00007fff38b33000 	C:\Windows\SYSTEM32\UMPDC.dll
0x00007fff382b0000 - 0x00007fff382c8000 	C:\Windows\SYSTEM32\kernel.appcore.dll
0x00007fff21530000 - 0x00007fff2153a000 	c:\Users\Administrator\.vscode\extensions\redhat.java-1.28.1-win32-x64\jre\17.0.10-win32-x86_64\bin\jimage.dll
0x00007fff2dce0000 - 0x00007fff2df13000 	C:\Windows\SYSTEM32\DBGHELP.DLL
0x00007fff3b660000 - 0x00007fff3b9e9000 	C:\Windows\System32\combase.dll
0x00007fff3b9f0000 - 0x00007fff3bac7000 	C:\Windows\System32\OLEAUT32.dll
0x00007fff2bb50000 - 0x00007fff2bb82000 	C:\Windows\SYSTEM32\dbgcore.DLL
0x00007fff39a10000 - 0x00007fff39a8a000 	C:\Windows\System32\bcryptPrimitives.dll
0x00007fff1a1f0000 - 0x00007fff1a1fe000 	c:\Users\Administrator\.vscode\extensions\redhat.java-1.28.1-win32-x64\jre\17.0.10-win32-x86_64\bin\instrument.dll
0x00007fff19d50000 - 0x00007fff19d75000 	c:\Users\Administrator\.vscode\extensions\redhat.java-1.28.1-win32-x64\jre\17.0.10-win32-x86_64\bin\java.dll
0x00007fff1a1d0000 - 0x00007fff1a1e8000 	c:\Users\Administrator\.vscode\extensions\redhat.java-1.28.1-win32-x64\jre\17.0.10-win32-x86_64\bin\zip.dll
0x00007fff3aae0000 - 0x00007fff3b33b000 	C:\Windows\System32\SHELL32.dll
0x00007fff371d0000 - 0x00007fff37ac6000 	C:\Windows\SYSTEM32\windows.storage.dll
0x00007fff37090000 - 0x00007fff371ce000 	C:\Windows\SYSTEM32\wintypes.dll
0x00007fff3bc10000 - 0x00007fff3bd03000 	C:\Windows\System32\SHCORE.dll
0x00007fff3b4f0000 - 0x00007fff3b54e000 	C:\Windows\System32\shlwapi.dll
0x00007fff391a0000 - 0x00007fff391c6000 	C:\Windows\SYSTEM32\profapi.dll
0x00007fff19d30000 - 0x00007fff19d49000 	C:\Users\Administrator\.vscode\extensions\redhat.java-1.28.1-win32-x64\jre\17.0.10-win32-x86_64\bin\net.dll
0x00007fff33050000 - 0x00007fff33187000 	C:\Windows\SYSTEM32\WINHTTP.dll
0x00007fff38730000 - 0x00007fff38799000 	C:\Windows\system32\mswsock.dll
0x00007fff19d10000 - 0x00007fff19d26000 	C:\Users\Administrator\.vscode\extensions\redhat.java-1.28.1-win32-x64\jre\17.0.10-win32-x86_64\bin\nio.dll
0x00007fff19d00000 - 0x00007fff19d10000 	c:\Users\Administrator\.vscode\extensions\redhat.java-1.28.1-win32-x64\jre\17.0.10-win32-x86_64\bin\verify.dll
0x00007fff13810000 - 0x00007fff1384e000 	C:\Users\Administrator\AppData\Roaming\Code\User\globalStorage\redhat.java\1.28.1\config_win\org.eclipse.equinox.launcher\org.eclipse.equinox.launcher.win32.win32.x86_64_1.2.900.v20240129-1338\eclipse_11900.dll
0x00007fff3a870000 - 0x00007fff3aa10000 	C:\Windows\System32\ole32.dll
0x00007fff19cf0000 - 0x00007fff19cf9000 	C:\Users\Administrator\.vscode\extensions\redhat.java-1.28.1-win32-x64\jre\17.0.10-win32-x86_64\bin\management.dll
0x00007fff19ce0000 - 0x00007fff19ceb000 	C:\Users\Administrator\.vscode\extensions\redhat.java-1.28.1-win32-x64\jre\17.0.10-win32-x86_64\bin\management_ext.dll
0x00007fff3bee0000 - 0x00007fff3bee8000 	C:\Windows\System32\PSAPI.DLL
0x00007fff38980000 - 0x00007fff3899b000 	C:\Windows\SYSTEM32\CRYPTSP.dll
0x00007fff38210000 - 0x00007fff38245000 	C:\Windows\system32\rsaenh.dll
0x00007fff38820000 - 0x00007fff3884c000 	C:\Windows\SYSTEM32\USERENV.dll
0x00007fff389a0000 - 0x00007fff389ac000 	C:\Windows\SYSTEM32\CRYPTBASE.dll
0x00007fff37d30000 - 0x00007fff37d5d000 	C:\Windows\SYSTEM32\IPHLPAPI.DLL
0x00007fff3b450000 - 0x00007fff3b459000 	C:\Windows\System32\NSI.dll
0x00007fff33220000 - 0x00007fff33239000 	C:\Windows\SYSTEM32\dhcpcsvc6.DLL
0x00007fff32e80000 - 0x00007fff32e9f000 	C:\Windows\SYSTEM32\dhcpcsvc.DLL
0x00007fff37da0000 - 0x00007fff37e99000 	C:\Windows\SYSTEM32\DNSAPI.dll
0x00007ffedc700000 - 0x00007ffedc745000 	C:\Users\Administrator\AppData\Local\Temp\jna-146731693\jna13332097136829430633.dll

dbghelp: loaded successfully - version: 4.0.5 - missing functions: none
symbol engine: initialized successfully - sym options: 0x614 - pdb path: .;c:\Users\Administrator\.vscode\extensions\redhat.java-1.28.1-win32-x64\jre\17.0.10-win32-x86_64\bin;C:\Windows\SYSTEM32;C:\Windows\WinSxS\amd64_microsoft.windows.common-controls_6595b64144ccf1df_6.0.22621.2506_none_270c5ae97388e100;c:\Users\Administrator\.vscode\extensions\redhat.java-1.28.1-win32-x64\jre\17.0.10-win32-x86_64\bin\server;C:\Users\Administrator\AppData\Roaming\Code\User\globalStorage\redhat.java\1.28.1\config_win\org.eclipse.equinox.launcher\org.eclipse.equinox.launcher.win32.win32.x86_64_1.2.900.v20240129-1338;C:\Users\Administrator\AppData\Local\Temp\jna-146731693

VM Arguments:
jvm_args: --add-modules=ALL-SYSTEM --add-opens=java.base/java.util=ALL-UNNAMED --add-opens=java.base/java.lang=ALL-UNNAMED --add-opens=java.base/sun.nio.fs=ALL-UNNAMED -Declipse.application=org.eclipse.jdt.ls.core.id1 -Dosgi.bundles.defaultStartLevel=4 -Declipse.product=org.eclipse.jdt.ls.core.product -Djava.import.generatesMetadataFilesAtProjectRoot=false -DDetectVMInstallationsJob.disabled=true -Dfile.encoding=utf8 -XX:+UseParallelGC -XX:GCTimeRatio=4 -XX:AdaptiveSizePolicyWeight=90 -Dsun.zip.disableMemoryMapping=true -Xmx1G -Xms100m -Xlog:disable -javaagent:c:\Users\Administrator\.vscode\extensions\redhat.java-1.28.1-win32-x64\lombok\lombok-1.18.31.jar -XX:+HeapDumpOnOutOfMemoryError -XX:HeapDumpPath=c:\Users\Administrator\AppData\Roaming\Code\User\workspaceStorage\e9e5d42b15f962f5457e22cf694befa3\redhat.java -Daether.dependencyCollector.impl=bf 
java_command: c:\Users\Administrator\.vscode\extensions\redhat.java-1.28.1-win32-x64\server\plugins\org.eclipse.equinox.launcher_1.6.700.v20231214-2017.jar -configuration c:\Users\Administrator\AppData\Roaming\Code\User\globalStorage\redhat.java\1.28.1\config_win -data c:\Users\Administrator\AppData\Roaming\Code\User\workspaceStorage\e9e5d42b15f962f5457e22cf694befa3\redhat.java\jdt_ws --stdio
java_class_path (initial): c:\Users\Administrator\.vscode\extensions\redhat.java-1.28.1-win32-x64\server\plugins\org.eclipse.equinox.launcher_1.6.700.v20231214-2017.jar
Launcher Type: SUN_STANDARD

[Global flags]
    uintx AdaptiveSizePolicyWeight                 = 90                                        {product} {command line}
     intx CICompilerCount                          = 12                                        {product} {ergonomic}
    uintx GCTimeRatio                              = 4                                         {product} {command line}
     bool HeapDumpOnOutOfMemoryError               = true                                   {manageable} {command line}
    ccstr HeapDumpPath                             = c:\Users\Administrator\AppData\Roaming\Code\User\workspaceStorage\e9e5d42b15f962f5457e22cf694befa3\redhat.java         {manageable} {command line}
   size_t InitialHeapSize                          = 104857600                                 {product} {command line}
   size_t MaxHeapSize                              = 1073741824                                {product} {command line}
   size_t MaxNewSize                               = 357564416                                 {product} {ergonomic}
   size_t MinHeapDeltaBytes                        = 524288                                    {product} {ergonomic}
   size_t MinHeapSize                              = 104857600                                 {product} {command line}
   size_t NewSize                                  = 34603008                                  {product} {ergonomic}
    uintx NonNMethodCodeHeapSize                   = 7602480                                {pd product} {ergonomic}
    uintx NonProfiledCodeHeapSize                  = 122027880                              {pd product} {ergonomic}
   size_t OldSize                                  = 70254592                                  {product} {ergonomic}
    uintx ProfiledCodeHeapSize                     = 122027880                              {pd product} {ergonomic}
    uintx ReservedCodeCacheSize                    = 251658240                              {pd product} {ergonomic}
     bool SegmentedCodeCache                       = true                                      {product} {ergonomic}
   size_t SoftMaxHeapSize                          = 1073741824                             {manageable} {ergonomic}
     bool UseCompressedClassPointers               = true                           {product lp64_product} {ergonomic}
     bool UseCompressedOops                        = true                           {product lp64_product} {ergonomic}
     bool UseLargePagesIndividualAllocation        = false                                  {pd product} {ergonomic}
     bool UseParallelGC                            = true                                      {product} {command line}

Logging:
Log output configuration:
 #0: stdout all=off uptime,level,tags
 #1: stderr all=off uptime,level,tags

Environment Variables:
PATH=C:\Program Files\Common Files\Oracle\Java\javapath;C:\Windows\system32;C:\Windows;C:\Windows\System32\Wbem;C:\Windows\System32\WindowsPowerShell\v1.0\;C:\Windows\System32\OpenSSH\;C:\Program Files (x86)\Git\cmd;C:\Program Files (x86)\NVIDIA Corporation\PhysX\Common;C:\Users\Administrator\AppData\Local\Programs\Python\Python311\Scripts\;C:\Users\Administrator\AppData\Local\Programs\Python\Python311\;C:\Users\Administrator\AppData\Local\Microsoft\WindowsApps;C:\Users\Administrator\AppData\Local\GitHubDesktop\bin;C:\Users\Administrator\AppData\Local\Programs\Microsoft VS Code\bin
USERNAME=Administrator
OS=Windows_NT
PROCESSOR_IDENTIFIER=Intel64 Family 6 Model 183 Stepping 1, GenuineIntel
TMP=C:\Users\ADMINI~1\AppData\Local\Temp
TEMP=C:\Users\ADMINI~1\AppData\Local\Temp



Periodic native trim disabled


---------------  S Y S T E M  ---------------

OS:
 Windows 11 , 64 bit Build 22621 (10.0.22621.3085)
OS uptime: 0 days 0:16 hours

CPU: total 20 (initial active 20) (10 cores per cpu, 2 threads per core) family 6 model 183 stepping 1 microcode 0x10f, cx8, cmov, fxsr, ht, mmx, 3dnowpref, sse, sse2, sse3, ssse3, sse4.1, sse4.2, popcnt, lzcnt, tsc, tscinvbit, avx, avx2, aes, erms, clmul, bmi1, bmi2, adx, sha, fma, vzeroupper, clflush, clflushopt, clwb
Processor Information for all 20 processors :
  Max Mhz: 3500, Current Mhz: 3500, Mhz Limit: 3500

Memory: 4k page, system-wide physical 32607M (24918M free)
TotalPageFile size 37727M (AvailPageFile size 28498M)
current process WorkingSet (physical memory assigned to process): 280M, peak: 281M
current process commit charge ("private bytes"): 362M, peak: 369M

vm_info: OpenJDK 64-Bit Server VM (17.0.10+7) for windows-amd64 JRE (17.0.10+7), built on Jan 16 2024 23:25:11 by "admin" with MS VC++ 16.10 / 16.11 (VS2019)

END.
