3 cousin removed 1
parent
no relation
sibling
0 cousin removed 1
1 cousin removed 2
no relation
sibling
0 cousin removed 4
no relation
no relation
no relation
2 cousin removed 1
2 cousin removed 1
no relation
sibling
2 cousin removed 1
2 cousin removed 1
no relation
2 cousin removed 2
grand parent
no relation
no relation
2 cousin removed 2
no relation
no relation
1 cousin
no relation
no relation
0 cousin removed 2
no relation
no relation
1 cousin removed 1
no relation
1 cousin removed 2
no relation
3 cousin removed 1
0 cousin removed 3
1 cousin removed 3
no relation
